0 info it worked if it ends with ok
1 verbose cli [ '/Users/faisal/Documents/Softwares/node-v0.10.36-darwin-x64/bin/node',
1 verbose cli   '/Users/faisal/Documents/Softwares/node-v0.10.36-darwin-x64/bin/npm',
1 verbose cli   'publish' ]
2 info using npm@1.4.28
3 info using node@v0.10.36
4 verbose publish [ '.' ]
5 verbose cache add [ '.', null ]
6 verbose cache add name=undefined spec="." args=[".",null]
7 verbose parsed url { protocol: null,
7 verbose parsed url   slashes: null,
7 verbose parsed url   auth: null,
7 verbose parsed url   host: null,
7 verbose parsed url   port: null,
7 verbose parsed url   hostname: null,
7 verbose parsed url   hash: null,
7 verbose parsed url   search: null,
7 verbose parsed url   query: null,
7 verbose parsed url   pathname: '.',
7 verbose parsed url   path: '.',
7 verbose parsed url   href: '.' }
8 silly lockFile 3a52ce78- .
9 verbose lock . /Users/faisal/.npm/3a52ce78-.lock
10 verbose tar pack [ '/Users/faisal/.npm/simpleportal/0.1.36/package.tgz', '.' ]
11 verbose tarball /Users/faisal/.npm/simpleportal/0.1.36/package.tgz
12 verbose folder .
13 info prepublish simpleportal@0.1.36
14 silly lockFile 1f1177db-tar tar://.
15 verbose lock tar://. /Users/faisal/.npm/1f1177db-tar.lock
16 silly lockFile 3dd7aca3--simpleportal-0-1-36-package-tgz tar:///Users/faisal/.npm/simpleportal/0.1.36/package.tgz
17 verbose lock tar:///Users/faisal/.npm/simpleportal/0.1.36/package.tgz /Users/faisal/.npm/3dd7aca3--simpleportal-0-1-36-package-tgz.lock
18 silly lockFile 1f1177db-tar tar://.
19 silly lockFile 1f1177db-tar tar://.
20 silly lockFile 3dd7aca3--simpleportal-0-1-36-package-tgz tar:///Users/faisal/.npm/simpleportal/0.1.36/package.tgz
21 silly lockFile 3dd7aca3--simpleportal-0-1-36-package-tgz tar:///Users/faisal/.npm/simpleportal/0.1.36/package.tgz
22 silly lockFile bda6f6b1--npm-simpleportal-0-1-36-package /Users/faisal/.npm/simpleportal/0.1.36/package
23 verbose lock /Users/faisal/.npm/simpleportal/0.1.36/package /Users/faisal/.npm/bda6f6b1--npm-simpleportal-0-1-36-package.lock
24 silly lockFile bda6f6b1--npm-simpleportal-0-1-36-package /Users/faisal/.npm/simpleportal/0.1.36/package
25 silly lockFile bda6f6b1--npm-simpleportal-0-1-36-package /Users/faisal/.npm/simpleportal/0.1.36/package
26 silly lockFile 3a52ce78- .
27 silly lockFile 3a52ce78- .
28 silly publish { name: 'simpleportal',
28 silly publish   keywords: [ 'simple', 'portal' ],
28 silly publish   description: 'Minimal packages needed for a simple portal, part of Simple mobile portal',
28 silly publish   version: '0.1.36',
28 silly publish   author: { name: 'Faisal Kottarathil', email: 'faisalk08@gmail.com' },
28 silly publish   directories: { lib: './lib' },
28 silly publish   repository:
28 silly publish    { type: 'git',
28 silly publish      url: 'git://github.com/faisalk08/simpleportal.git' },
28 silly publish   homepage: 'https://github.com/faisalk08/simpleportal',
28 silly publish   main: './lib/simpleportal.js',
28 silly publish   engines: { node: '>= 0.4.0' },
28 silly publish   dependencies: {},
28 silly publish   licenses: [ { type: 'MIT' } ],
28 silly publish   readme: 'simpleportal\n============\n\nSimple Portal',
28 silly publish   readmeFilename: 'README.md',
28 silly publish   gitHead: '00088806b3a4ba0b092c3badebfd42c070545be7',
28 silly publish   bugs: { url: 'https://github.com/faisalk08/simpleportal/issues' },
28 silly publish   _id: 'simpleportal@0.1.36',
28 silly publish   scripts: {},
28 silly publish   _shasum: 'a12ae8af9196ead311847a1d056b6a7d75fd4c33',
28 silly publish   _from: '.' }
29 verbose request where is /simpleportal
30 verbose request registry https://registry.npmjs.org/
31 verbose request id 04f00a396d836277
32 verbose url raw /simpleportal
33 verbose url resolving [ 'https://registry.npmjs.org/', './simpleportal' ]
34 verbose url resolved https://registry.npmjs.org/simpleportal
35 verbose request where is https://registry.npmjs.org/simpleportal
36 info trying registry request attempt 1 at 12:36:55
37 http PUT https://registry.npmjs.org/simpleportal
38 http 403 https://registry.npmjs.org/simpleportal
39 verbose headers { date: 'Mon, 23 Feb 2015 11:36:51 GMT',
39 verbose headers   server: 'CouchDB/1.5.0 (Erlang OTP/R16B03)',
39 verbose headers   'content-type': 'application/json',
39 verbose headers   'cache-control': 'max-age=60',
39 verbose headers   'content-length': '2408',
39 verbose headers   'accept-ranges': 'bytes',
39 verbose headers   via: '1.1 varnish',
39 verbose headers   'x-served-by': 'cache-fra1226-FRA',
39 verbose headers   'x-cache': 'MISS',
39 verbose headers   'x-cache-hits': '0',
39 verbose headers   'x-timer': 'S1424691410.274837,VS0,VE1031',
39 verbose headers   'keep-alive': 'timeout=10, max=50',
39 verbose headers   connection: 'Keep-Alive' }
40 error publish Failed PUT 403
41 error Error: forbidden cannot modify pre-existing version: 0.1.36
41 error old={"name":"simpleportal","keywords":["simple","portal"],"description":"Minimal packages needed for a simple portal, part of Simple mobile portal","version":"0.1.36","author":{"name":"Faisal Kottarathil","email":"faisalk08@gmail.com"},"directories":{"lib":"./lib"},"repository":{"type":"git","url":"git://github.com/faisalk08/simpleportal.git"},"homepage":"https://github.com/faisalk08/simpleportal","main":"./lib/simpleportal.js","engines":{"node":">= 0.4.0"},"dependencies":{},"licenses":[{"type":"MIT"}],"bugs":{"url":"https://github.com/faisalk08/simpleportal/issues"},"_id":"simpleportal@0.1.36","_shasum":"29cd26a260ebf14e5b54d2c6c59c8a0ba65d2b72","_from":".","_npmVersion":"1.4.9","_npmUser":{"name":"faisalk08","email":"faisalk08@gmail.com"},"maintainers":[{"name":"faisalk08","email":"faisalk08@gmail.com"}],"dist":{"shasum":"29cd26a260ebf14e5b54d2c6c59c8a0ba65d2b72","tarball":"http://registry.npmjs.org/simpleportal/-/simpleportal-0.1.36.tgz"}}
41 error new={"name":"simpleportal","keywords":["simple","portal"],"description":"Minimal packages needed for a simple portal, part of Simple mobile portal","version":"0.1.36","author":{"name":"Faisal Kottarathil","email":"faisalk08@gmail.com"},"directories":{"lib":"./lib"},"repository":{"type":"git","url":"git://github.com/faisalk08/simpleportal.git"},"homepage":"https://github.com/faisalk08/simpleportal","main":"./lib/simpleportal.js","engines":{"node":">= 0.4.0"},"dependencies":{},"licenses":[{"type":"MIT"}],"readme":"simpleportal\u000a============\u000a\u000aSimple Portal","readmeFilename":"README.md","gitHead":"00088806b3a4ba0b092c3badebfd42c070545be7","bugs":{"url":"https://github.com/faisalk08/simpleportal/issues"},"_id":"simpleportal@0.1.36","scripts":{},"_shasum":"a12ae8af9196ead311847a1d056b6a7d75fd4c33","_from":".","_npmVersion":"1.4.28","_npmUser":{"name":"faisalk08","email":"faisalk08@gmail.com"},"maintainers":[{"name":"faisalk08","email":"faisalk08@gmail.com"}],"dist":{"shasum":"a12ae8af9196ead311847a1d056b6a7d75fd4c33","tarball":"http://registry.npmjs.org/simpleportal/-/simpleportal-0.1.36.tgz"}}: simpleportal
41 error     at RegClient.<anonymous> (/Users/faisal/Documents/Softwares/node-v0.10.36-darwin-x64/lib/node_modules/npm/node_modules/npm-registry-client/lib/request.js:308:14)
41 error     at Request._callback (/Users/faisal/Documents/Softwares/node-v0.10.36-darwin-x64/lib/node_modules/npm/node_modules/npm-registry-client/lib/request.js:246:65)
41 error     at Request.self.callback (/Users/faisal/Documents/Softwares/node-v0.10.36-darwin-x64/lib/node_modules/npm/node_modules/request/request.js:236:22)
41 error     at Request.emit (events.js:98:17)
41 error     at Request.<anonymous> (/Users/faisal/Documents/Softwares/node-v0.10.36-darwin-x64/lib/node_modules/npm/node_modules/request/request.js:1142:14)
41 error     at Request.emit (events.js:117:20)
41 error     at IncomingMessage.<anonymous> (/Users/faisal/Documents/Softwares/node-v0.10.36-darwin-x64/lib/node_modules/npm/node_modules/request/request.js:1096:12)
41 error     at IncomingMessage.emit (events.js:117:20)
41 error     at _stream_readable.js:944:16
41 error     at process._tickCallback (node.js:442:13)
42 error If you need help, you may report this *entire* log,
42 error including the npm and node versions, at:
42 error     <http://github.com/npm/npm/issues>
43 error System Darwin 14.1.0
44 error command "/Users/faisal/Documents/Softwares/node-v0.10.36-darwin-x64/bin/node" "/Users/faisal/Documents/Softwares/node-v0.10.36-darwin-x64/bin/npm" "publish"
45 error cwd /Users/faisal/Documents/git/simpleportal
46 error node -v v0.10.36
47 error npm -v 1.4.28
48 verbose exit [ 1, true ]
